{"/Users/eugeney/Developer/nestjs-training/top-api/src/app.controller.ts": {"path":"/Users/eugeney/Developer/nestjs-training/top-api/src/app.controller.ts","statementMap":{"0":{"start":{"line":1,"column":0},"end":{"line":1,"column":49}},"1":{"start":{"line":2,"column":0},"end":{"line":2,"column":43}},"2":{"start":{"line":5,"column":7},"end":{"line":12,"column":null}},"3":{"start":{"line":6,"column":31},"end":{"line":6,"column":43}},"4":{"start":{"line":10,"column":4},"end":{"line":10,"column":38}},"5":{"start":{"line":5,"column":13},"end":{"line":5,"column":26}},"6":{"start":{"line":9,"column":2},"end":{"line":11,"column":null}},"7":{"start":{"line":5,"column":13},"end":{"line":12,"column":null}}},"fnMap":{"0":{"name":"(anonymous_2)","decl":{"start":{"line":6,"column":2},"end":{"line":6,"column":31}},"loc":{"start":{"line":6,"column":53},"end":{"line":6,"column":57}}},"1":{"name":"(anonymous_3)","decl":{"start":{"line":9,"column":2},"end":{"line":9,"column":10}},"loc":{"start":{"line":9,"column":10},"end":{"line":11,"column":3}}}},"branchMap":{},"s":{"0":2,"1":2,"2":2,"3":9,"4":0,"5":2,"6":2,"7":2},"f":{"0":9,"1":0},"b":{}}
,"/Users/eugeney/Developer/nestjs-training/top-api/src/app.module.ts": {"path":"/Users/eugeney/Developer/nestjs-training/top-api/src/app.module.ts","statementMap":{"0":{"start":{"line":1,"column":0},"end":{"line":1,"column":40}},"1":{"start":{"line":2,"column":0},"end":{"line":2,"column":49}},"2":{"start":{"line":3,"column":0},"end":{"line":3,"column":43}},"3":{"start":{"line":4,"column":0},"end":{"line":4,"column":48}},"4":{"start":{"line":5,"column":0},"end":{"line":5,"column":59}},"5":{"start":{"line":6,"column":0},"end":{"line":6,"column":57}},"6":{"start":{"line":7,"column":0},"end":{"line":7,"column":54}},"7":{"start":{"line":8,"column":0},"end":{"line":8,"column":61}},"8":{"start":{"line":9,"column":0},"end":{"line":9,"column":56}},"9":{"start":{"line":10,"column":0},"end":{"line":10,"column":56}},"10":{"start":{"line":28,"column":7},"end":{"line":28,"column":null}},"11":{"start":{"line":28,"column":13},"end":{"line":28,"column":22}},"12":{"start":{"line":28,"column":13},"end":{"line":28,"column":null}}},"fnMap":{},"branchMap":{},"s":{"0":2,"1":2,"2":2,"3":2,"4":2,"5":2,"6":2,"7":2,"8":2,"9":2,"10":2,"11":2,"12":2},"f":{},"b":{}}
,"/Users/eugeney/Developer/nestjs-training/top-api/src/app.service.ts": {"path":"/Users/eugeney/Developer/nestjs-training/top-api/src/app.service.ts","statementMap":{"0":{"start":{"line":1,"column":0},"end":{"line":1,"column":44}},"1":{"start":{"line":4,"column":7},"end":{"line":8,"column":null}},"2":{"start":{"line":6,"column":4},"end":{"line":6,"column":26}},"3":{"start":{"line":4,"column":13},"end":{"line":4,"column":23}},"4":{"start":{"line":4,"column":13},"end":{"line":8,"column":null}}},"fnMap":{"0":{"name":"(anonymous_1)","decl":{"start":{"line":5,"column":2},"end":{"line":5,"column":10}},"loc":{"start":{"line":5,"column":10},"end":{"line":7,"column":3}}}},"branchMap":{},"s":{"0":2,"1":2,"2":0,"3":2,"4":2},"f":{"0":0},"b":{}}
,"/Users/eugeney/Developer/nestjs-training/top-api/src/auth/auth.constants.ts": {"path":"/Users/eugeney/Developer/nestjs-training/top-api/src/auth/auth.constants.ts","statementMap":{"0":{"start":{"line":1,"column":13},"end":{"line":1,"column":null}},"1":{"start":{"line":2,"column":13},"end":{"line":2,"column":null}},"2":{"start":{"line":3,"column":13},"end":{"line":3,"column":null}}},"fnMap":{},"branchMap":{},"s":{"0":2,"1":2,"2":2},"f":{},"b":{}}
,"/Users/eugeney/Developer/nestjs-training/top-api/src/auth/auth.controller.ts": {"path":"/Users/eugeney/Developer/nestjs-training/top-api/src/auth/auth.controller.ts","statementMap":{"0":{"start":{"line":1,"column":0},"end":{"line":1,"column":113}},"1":{"start":{"line":2,"column":0},"end":{"line":2,"column":41}},"2":{"start":{"line":3,"column":0},"end":{"line":3,"column":45}},"3":{"start":{"line":4,"column":0},"end":{"line":4,"column":61}},"4":{"start":{"line":7,"column":7},"end":{"line":26,"column":null}},"5":{"start":{"line":8,"column":30},"end":{"line":8,"column":43}},"6":{"start":{"line":13,"column":20},"end":{"line":13,"column":62}},"7":{"start":{"line":14,"column":2},"end":{"line":16,"column":3}},"8":{"start":{"line":15,"column":3},"end":{"line":15,"column":null}},"9":{"start":{"line":17,"column":2},"end":{"line":17,"column":null}},"10":{"start":{"line":23,"column":20},"end":{"line":23,"column":72}},"11":{"start":{"line":24,"column":2},"end":{"line":24,"column":null}},"12":{"start":{"line":7,"column":13},"end":{"line":7,"column":27}},"13":{"start":{"line":12,"column":7},"end":{"line":18,"column":null}},"14":{"start":{"line":22,"column":7},"end":{"line":25,"column":null}},"15":{"start":{"line":7,"column":13},"end":{"line":26,"column":null}}},"fnMap":{"0":{"name":"(anonymous_4)","decl":{"start":{"line":8,"column":1},"end":{"line":8,"column":30}},"loc":{"start":{"line":8,"column":54},"end":{"line":8,"column":59}}},"1":{"name":"(anonymous_5)","decl":{"start":{"line":12,"column":1},"end":{"line":12,"column":6}},"loc":{"start":{"line":12,"column":36},"end":{"line":18,"column":2}}},"2":{"name":"(anonymous_6)","decl":{"start":{"line":22,"column":1},"end":{"line":22,"column":6}},"loc":{"start":{"line":22,"column":49},"end":{"line":25,"column":2}}}},"branchMap":{"0":{"loc":{"start":{"line":14,"column":2},"end":{"line":16,"column":3}},"type":"if","locations":[{"start":{"line":14,"column":2},"end":{"line":16,"column":3}}]}},"s":{"0":2,"1":2,"2":2,"3":2,"4":2,"5":9,"6":0,"7":0,"8":0,"9":0,"10":9,"11":7,"12":2,"13":2,"14":2,"15":2},"f":{"0":9,"1":0,"2":9},"b":{"0":[0]}}
,"/Users/eugeney/Developer/nestjs-training/top-api/src/auth/auth.module.ts": {"path":"/Users/eugeney/Developer/nestjs-training/top-api/src/auth/auth.module.ts","statementMap":{"0":{"start":{"line":1,"column":0},"end":{"line":1,"column":40}},"1":{"start":{"line":2,"column":0},"end":{"line":2,"column":51}},"2":{"start":{"line":3,"column":0},"end":{"line":3,"column":56}},"3":{"start":{"line":4,"column":0},"end":{"line":4,"column":41}},"4":{"start":{"line":5,"column":0},"end":{"line":5,"column":45}},"5":{"start":{"line":6,"column":0},"end":{"line":6,"column":40}},"6":{"start":{"line":7,"column":0},"end":{"line":7,"column":61}},"7":{"start":{"line":8,"column":0},"end":{"line":8,"column":53}},"8":{"start":{"line":9,"column":0},"end":{"line":9,"column":50}},"9":{"start":{"line":10,"column":0},"end":{"line":10,"column":56}},"10":{"start":{"line":33,"column":7},"end":{"line":33,"column":null}},"11":{"start":{"line":33,"column":13},"end":{"line":33,"column":23}},"12":{"start":{"line":33,"column":13},"end":{"line":33,"column":null}}},"fnMap":{},"branchMap":{},"s":{"0":2,"1":2,"2":2,"3":2,"4":2,"5":2,"6":2,"7":2,"8":2,"9":2,"10":2,"11":2,"12":2},"f":{},"b":{}}
,"/Users/eugeney/Developer/nestjs-training/top-api/src/auth/auth.service.ts": {"path":"/Users/eugeney/Developer/nestjs-training/top-api/src/auth/auth.service.ts","statementMap":{"0":{"start":{"line":1,"column":0},"end":{"line":1,"column":52}},"1":{"start":{"line":2,"column":0},"end":{"line":2,"column":67}},"2":{"start":{"line":3,"column":0},"end":{"line":3,"column":41}},"3":{"start":{"line":6,"column":0},"end":{"line":6,"column":48}},"4":{"start":{"line":7,"column":0},"end":{"line":7,"column":78}},"5":{"start":{"line":8,"column":0},"end":{"line":8,"column":41}},"6":{"start":{"line":11,"column":7},"end":{"line":49,"column":null}},"7":{"start":{"line":13,"column":43},"end":{"line":13,"column":74}},"8":{"start":{"line":14,"column":19},"end":{"line":14,"column":31}},"9":{"start":{"line":18,"column":15},"end":{"line":18,"column":32}},"10":{"start":{"line":19,"column":18},"end":{"line":22,"column":4}},"11":{"start":{"line":23,"column":2},"end":{"line":23,"column":null}},"12":{"start":{"line":27,"column":2},"end":{"line":27,"column":null}},"13":{"start":{"line":31,"column":15},"end":{"line":31,"column":41}},"14":{"start":{"line":32,"column":2},"end":{"line":34,"column":3}},"15":{"start":{"line":33,"column":3},"end":{"line":33,"column":null}},"16":{"start":{"line":35,"column":26},"end":{"line":35,"column":68}},"17":{"start":{"line":36,"column":2},"end":{"line":38,"column":3}},"18":{"start":{"line":37,"column":3},"end":{"line":37,"column":null}},"19":{"start":{"line":39,"column":2},"end":{"line":39,"column":null}},"20":{"start":{"line":43,"column":18},"end":{"line":43,"column":27}},"21":{"start":{"line":45,"column":2},"end":{"line":47,"column":null}},"22":{"start":{"line":11,"column":13},"end":{"line":11,"column":24}},"23":{"start":{"line":11,"column":13},"end":{"line":49,"column":null}}},"fnMap":{"0":{"name":"(anonymous_4)","decl":{"start":{"line":12,"column":1},"end":{"line":12,"column":null}},"loc":{"start":{"line":14,"column":41},"end":{"line":15,"column":9}}},"1":{"name":"(anonymous_5)","decl":{"start":{"line":17,"column":1},"end":{"line":17,"column":6}},"loc":{"start":{"line":17,"column":30},"end":{"line":24,"column":2}}},"2":{"name":"(anonymous_6)","decl":{"start":{"line":26,"column":1},"end":{"line":26,"column":6}},"loc":{"start":{"line":26,"column":29},"end":{"line":28,"column":2}}},"3":{"name":"(anonymous_7)","decl":{"start":{"line":30,"column":1},"end":{"line":30,"column":6}},"loc":{"start":{"line":30,"column":51},"end":{"line":40,"column":2}}},"4":{"name":"(anonymous_8)","decl":{"start":{"line":42,"column":1},"end":{"line":42,"column":6}},"loc":{"start":{"line":42,"column":26},"end":{"line":48,"column":2}}}},"branchMap":{"0":{"loc":{"start":{"line":32,"column":2},"end":{"line":34,"column":3}},"type":"if","locations":[{"start":{"line":32,"column":2},"end":{"line":34,"column":3}}]},"1":{"loc":{"start":{"line":36,"column":2},"end":{"line":38,"column":3}},"type":"if","locations":[{"start":{"line":36,"column":2},"end":{"line":38,"column":3}}]}},"s":{"0":2,"1":2,"2":2,"3":2,"4":2,"5":2,"6":2,"7":9,"8":9,"9":0,"10":0,"11":0,"12":9,"13":9,"14":9,"15":1,"16":8,"17":8,"18":1,"19":7,"20":7,"21":7,"22":2,"23":2},"f":{"0":9,"1":0,"2":9,"3":9,"4":7},"b":{"0":[1],"1":[1]}}
,"/Users/eugeney/Developer/nestjs-training/top-api/src/auth/user.model.ts": {"path":"/Users/eugeney/Developer/nestjs-training/top-api/src/auth/user.model.ts","statementMap":{"0":{"start":{"line":1,"column":0},"end":{"line":1,"column":43}},"1":{"start":{"line":2,"column":0},"end":{"line":2,"column":74}},"2":{"start":{"line":6,"column":0},"end":{"line":6,"column":13}},"3":{"start":{"line":8,"column":1},"end":{"line":8,"column":null}},"4":{"start":{"line":11,"column":1},"end":{"line":11,"column":null}}},"fnMap":{},"branchMap":{},"s":{"0":2,"1":2,"2":2,"3":2,"4":2},"f":{},"b":{}}
,"/Users/eugeney/Developer/nestjs-training/top-api/src/auth/decorators/user-email.decorator.ts": {"path":"/Users/eugeney/Developer/nestjs-training/top-api/src/auth/decorators/user-email.decorator.ts","statementMap":{"0":{"start":{"line":1,"column":0},"end":{"line":1,"column":72}},"1":{"start":{"line":3,"column":13},"end":{"line":8,"column":null}},"2":{"start":{"line":5,"column":18},"end":{"line":5,"column":49}},"3":{"start":{"line":6,"column":2},"end":{"line":6,"column":null}}},"fnMap":{"0":{"name":"(anonymous_0)","decl":{"start":{"line":4,"column":1},"end":{"line":4,"column":2}},"loc":{"start":{"line":4,"column":42},"end":{"line":7,"column":2}}}},"branchMap":{},"s":{"0":2,"1":2,"2":2,"3":2},"f":{"0":2},"b":{}}
,"/Users/eugeney/Developer/nestjs-training/top-api/src/auth/dto/auth.dto.ts": {"path":"/Users/eugeney/Developer/nestjs-training/top-api/src/auth/dto/auth.dto.ts","statementMap":{"0":{"start":{"line":1,"column":0},"end":{"line":1,"column":42}},"1":{"start":{"line":3,"column":0},"end":{"line":3,"column":13}},"2":{"start":{"line":5,"column":1},"end":{"line":5,"column":null}},"3":{"start":{"line":8,"column":1},"end":{"line":8,"column":null}}},"fnMap":{},"branchMap":{},"s":{"0":2,"1":2,"2":2,"3":2},"f":{},"b":{}}
,"/Users/eugeney/Developer/nestjs-training/top-api/src/auth/guards/jwt.guard.ts": {"path":"/Users/eugeney/Developer/nestjs-training/top-api/src/auth/guards/jwt.guard.ts","statementMap":{"0":{"start":{"line":1,"column":0},"end":{"line":1,"column":45}},"1":{"start":{"line":3,"column":0},"end":{"line":3,"column":13}}},"fnMap":{},"branchMap":{},"s":{"0":2,"1":2},"f":{},"b":{}}
,"/Users/eugeney/Developer/nestjs-training/top-api/src/auth/strategies/jwt.strategy.ts": {"path":"/Users/eugeney/Developer/nestjs-training/top-api/src/auth/strategies/jwt.strategy.ts","statementMap":{"0":{"start":{"line":1,"column":0},"end":{"line":1,"column":44}},"1":{"start":{"line":2,"column":0},"end":{"line":2,"column":47}},"2":{"start":{"line":3,"column":0},"end":{"line":3,"column":52}},"3":{"start":{"line":4,"column":0},"end":{"line":4,"column":52}},"4":{"start":{"line":8,"column":7},"end":{"line":20,"column":null}},"5":{"start":{"line":10,"column":2},"end":{"line":14,"column":null}},"6":{"start":{"line":9,"column":30},"end":{"line":9,"column":45}},"7":{"start":{"line":18,"column":8},"end":{"line":18,"column":null}},"8":{"start":{"line":8,"column":13},"end":{"line":8,"column":24}},"9":{"start":{"line":8,"column":13},"end":{"line":20,"column":null}}},"fnMap":{"0":{"name":"(anonymous_2)","decl":{"start":{"line":9,"column":1},"end":{"line":9,"column":30}},"loc":{"start":{"line":9,"column":58},"end":{"line":15,"column":2}}},"1":{"name":"(anonymous_3)","decl":{"start":{"line":17,"column":1},"end":{"line":17,"column":6}},"loc":{"start":{"line":17,"column":51},"end":{"line":19,"column":5}}}},"branchMap":{},"s":{"0":2,"1":2,"2":2,"3":2,"4":2,"5":9,"6":9,"7":2,"8":2,"9":2},"f":{"0":9,"1":2},"b":{}}
,"/Users/eugeney/Developer/nestjs-training/top-api/src/configs/jwt.config.ts": {"path":"/Users/eugeney/Developer/nestjs-training/top-api/src/configs/jwt.config.ts","statementMap":{"0":{"start":{"line":4,"column":28},"end":{"line":8,"column":1}},"1":{"start":{"line":5,"column":1},"end":{"line":7,"column":null}},"2":{"start":{"line":4,"column":13},"end":{"line":4,"column":28}}},"fnMap":{"0":{"name":"(anonymous_0)","decl":{"start":{"line":4,"column":28},"end":{"line":4,"column":33}},"loc":{"start":{"line":4,"column":94},"end":{"line":8,"column":1}}}},"branchMap":{},"s":{"0":2,"1":9,"2":2},"f":{"0":9},"b":{}}
,"/Users/eugeney/Developer/nestjs-training/top-api/src/configs/mongo.config.ts": {"path":"/Users/eugeney/Developer/nestjs-training/top-api/src/configs/mongo.config.ts","statementMap":{"0":{"start":{"line":5,"column":30},"end":{"line":10,"column":1}},"1":{"start":{"line":6,"column":1},"end":{"line":9,"column":null}},"2":{"start":{"line":5,"column":13},"end":{"line":5,"column":30}},"3":{"start":{"line":12,"column":23},"end":{"line":22,"column":40}},"4":{"start":{"line":13,"column":1},"end":{"line":22,"column":40}},"5":{"start":{"line":24,"column":24},"end":{"line":28,"column":2}},"6":{"start":{"line":24,"column":31},"end":{"line":28,"column":2}}},"fnMap":{"0":{"name":"(anonymous_0)","decl":{"start":{"line":5,"column":30},"end":{"line":5,"column":35}},"loc":{"start":{"line":5,"column":102},"end":{"line":10,"column":1}}},"1":{"name":"(anonymous_1)","decl":{"start":{"line":12,"column":23},"end":{"line":12,"column":24}},"loc":{"start":{"line":13,"column":1},"end":{"line":22,"column":40}}},"2":{"name":"(anonymous_2)","decl":{"start":{"line":24,"column":24},"end":{"line":24,"column":27}},"loc":{"start":{"line":24,"column":31},"end":{"line":28,"column":2}}}},"branchMap":{},"s":{"0":2,"1":9,"2":2,"3":2,"4":9,"5":2,"6":9},"f":{"0":9,"1":9,"2":9},"b":{}}
,"/Users/eugeney/Developer/nestjs-training/top-api/src/product/product.controller.ts": {"path":"/Users/eugeney/Developer/nestjs-training/top-api/src/product/product.controller.ts","statementMap":{"0":{"start":{"line":1,"column":0},"end":{"line":1,"column":56}},"1":{"start":{"line":2,"column":0},"end":{"line":2,"column":93}},"2":{"start":{"line":3,"column":0},"end":{"line":3,"column":61}},"3":{"start":{"line":6,"column":7},"end":{"line":33,"column":null}},"4":{"start":{"line":6,"column":13},"end":{"line":6,"column":30}},"5":{"start":{"line":9,"column":7},"end":{"line":11,"column":null}},"6":{"start":{"line":14,"column":7},"end":{"line":16,"column":null}},"7":{"start":{"line":19,"column":7},"end":{"line":21,"column":null}},"8":{"start":{"line":24,"column":7},"end":{"line":26,"column":null}},"9":{"start":{"line":30,"column":7},"end":{"line":32,"column":null}},"10":{"start":{"line":6,"column":13},"end":{"line":33,"column":null}}},"fnMap":{"0":{"name":"(anonymous_4)","decl":{"start":{"line":9,"column":1},"end":{"line":9,"column":6}},"loc":{"start":{"line":9,"column":52},"end":{"line":11,"column":2}}},"1":{"name":"(anonymous_5)","decl":{"start":{"line":14,"column":1},"end":{"line":14,"column":6}},"loc":{"start":{"line":14,"column":34},"end":{"line":16,"column":2}}},"2":{"name":"(anonymous_6)","decl":{"start":{"line":19,"column":1},"end":{"line":19,"column":6}},"loc":{"start":{"line":19,"column":37},"end":{"line":21,"column":2}}},"3":{"name":"(anonymous_7)","decl":{"start":{"line":24,"column":1},"end":{"line":24,"column":6}},"loc":{"start":{"line":24,"column":55},"end":{"line":26,"column":2}}},"4":{"name":"(anonymous_8)","decl":{"start":{"line":30,"column":1},"end":{"line":30,"column":6}},"loc":{"start":{"line":30,"column":39},"end":{"line":32,"column":2}}}},"branchMap":{},"s":{"0":2,"1":2,"2":2,"3":2,"4":2,"5":2,"6":2,"7":2,"8":2,"9":2,"10":2},"f":{"0":0,"1":0,"2":0,"3":0,"4":0},"b":{}}
,"/Users/eugeney/Developer/nestjs-training/top-api/src/product/product.module.ts": {"path":"/Users/eugeney/Developer/nestjs-training/top-api/src/product/product.module.ts","statementMap":{"0":{"start":{"line":1,"column":0},"end":{"line":1,"column":40}},"1":{"start":{"line":2,"column":0},"end":{"line":2,"column":57}},"2":{"start":{"line":3,"column":0},"end":{"line":3,"column":56}},"3":{"start":{"line":4,"column":0},"end":{"line":4,"column":61}},"4":{"start":{"line":19,"column":7},"end":{"line":19,"column":null}},"5":{"start":{"line":19,"column":13},"end":{"line":19,"column":26}},"6":{"start":{"line":19,"column":13},"end":{"line":19,"column":null}}},"fnMap":{},"branchMap":{},"s":{"0":2,"1":2,"2":2,"3":2,"4":2,"5":2,"6":2},"f":{},"b":{}}
,"/Users/eugeney/Developer/nestjs-training/top-api/src/product/dto/find-product.dto.ts": {"path":"/Users/eugeney/Developer/nestjs-training/top-api/src/product/dto/find-product.dto.ts","statementMap":{"0":{"start":{"line":1,"column":0},"end":{"line":1,"column":13}}},"fnMap":{},"branchMap":{},"s":{"0":2},"f":{},"b":{}}
,"/Users/eugeney/Developer/nestjs-training/top-api/src/product/product.model/product.model.ts": {"path":"/Users/eugeney/Developer/nestjs-training/top-api/src/product/product.model/product.model.ts","statementMap":{"0":{"start":{"line":1,"column":0},"end":{"line":1,"column":44}},"1":{"start":{"line":2,"column":0},"end":{"line":2,"column":75}},"2":{"start":{"line":6,"column":1},"end":{"line":6,"column":null}},"3":{"start":{"line":9,"column":1},"end":{"line":9,"column":null}},"4":{"start":{"line":13,"column":0},"end":{"line":13,"column":13}},"5":{"start":{"line":15,"column":1},"end":{"line":15,"column":null}},"6":{"start":{"line":18,"column":1},"end":{"line":18,"column":null}},"7":{"start":{"line":21,"column":1},"end":{"line":21,"column":null}},"8":{"start":{"line":24,"column":1},"end":{"line":24,"column":null}},"9":{"start":{"line":27,"column":1},"end":{"line":27,"column":null}},"10":{"start":{"line":30,"column":1},"end":{"line":30,"column":null}},"11":{"start":{"line":33,"column":1},"end":{"line":33,"column":null}},"12":{"start":{"line":36,"column":1},"end":{"line":36,"column":null}},"13":{"start":{"line":39,"column":1},"end":{"line":39,"column":null}},"14":{"start":{"line":42,"column":1},"end":{"line":42,"column":null}},"15":{"start":{"line":41,"column":21},"end":{"line":41,"column":29}},"16":{"start":{"line":45,"column":1},"end":{"line":45,"column":null}},"17":{"start":{"line":44,"column":21},"end":{"line":44,"column":29}},"18":{"start":{"line":48,"column":1},"end":{"line":48,"column":null}},"19":{"start":{"line":47,"column":21},"end":{"line":47,"column":44}}},"fnMap":{"0":{"name":"(anonymous_2)","decl":{"start":{"line":41,"column":15},"end":{"line":41,"column":18}},"loc":{"start":{"line":41,"column":21},"end":{"line":41,"column":29}}},"1":{"name":"(anonymous_3)","decl":{"start":{"line":44,"column":15},"end":{"line":44,"column":18}},"loc":{"start":{"line":44,"column":21},"end":{"line":44,"column":29}}},"2":{"name":"(anonymous_4)","decl":{"start":{"line":47,"column":15},"end":{"line":47,"column":18}},"loc":{"start":{"line":47,"column":21},"end":{"line":47,"column":44}}}},"branchMap":{},"s":{"0":2,"1":2,"2":2,"3":2,"4":2,"5":2,"6":2,"7":2,"8":2,"9":2,"10":2,"11":2,"12":2,"13":2,"14":2,"15":2,"16":2,"17":2,"18":2,"19":2},"f":{"0":2,"1":2,"2":2},"b":{}}
,"/Users/eugeney/Developer/nestjs-training/top-api/src/review/review.constants.ts": {"path":"/Users/eugeney/Developer/nestjs-training/top-api/src/review/review.constants.ts","statementMap":{"0":{"start":{"line":1,"column":13},"end":{"line":1,"column":64}}},"fnMap":{},"branchMap":{},"s":{"0":2},"f":{},"b":{}}
,"/Users/eugeney/Developer/nestjs-training/top-api/src/review/review.controller.ts": {"path":"/Users/eugeney/Developer/nestjs-training/top-api/src/review/review.controller.ts","statementMap":{"0":{"start":{"line":1,"column":0},"end":{"line":1,"column":140}},"1":{"start":{"line":2,"column":0},"end":{"line":2,"column":58}},"2":{"start":{"line":3,"column":0},"end":{"line":3,"column":49}},"3":{"start":{"line":4,"column":0},"end":{"line":4,"column":54}},"4":{"start":{"line":5,"column":0},"end":{"line":5,"column":56}},"5":{"start":{"line":6,"column":0},"end":{"line":6,"column":68}},"6":{"start":{"line":9,"column":7},"end":{"line":31,"column":null}},"7":{"start":{"line":10,"column":30},"end":{"line":10,"column":45}},"8":{"start":{"line":16,"column":2},"end":{"line":16,"column":null}},"9":{"start":{"line":21,"column":20},"end":{"line":21,"column":55}},"10":{"start":{"line":22,"column":2},"end":{"line":24,"column":3}},"11":{"start":{"line":23,"column":3},"end":{"line":23,"column":null}},"12":{"start":{"line":29,"column":2},"end":{"line":29,"column":null}},"13":{"start":{"line":9,"column":13},"end":{"line":9,"column":29}},"14":{"start":{"line":15,"column":7},"end":{"line":17,"column":null}},"15":{"start":{"line":20,"column":7},"end":{"line":25,"column":null}},"16":{"start":{"line":28,"column":7},"end":{"line":30,"column":null}},"17":{"start":{"line":9,"column":13},"end":{"line":31,"column":null}}},"fnMap":{"0":{"name":"(anonymous_4)","decl":{"start":{"line":10,"column":1},"end":{"line":10,"column":30}},"loc":{"start":{"line":10,"column":58},"end":{"line":10,"column":62}}},"1":{"name":"(anonymous_5)","decl":{"start":{"line":15,"column":1},"end":{"line":15,"column":6}},"loc":{"start":{"line":15,"column":42},"end":{"line":17,"column":2}}},"2":{"name":"(anonymous_6)","decl":{"start":{"line":20,"column":1},"end":{"line":20,"column":6}},"loc":{"start":{"line":20,"column":37},"end":{"line":25,"column":2}}},"3":{"name":"(anonymous_7)","decl":{"start":{"line":28,"column":1},"end":{"line":28,"column":6}},"loc":{"start":{"line":28,"column":87},"end":{"line":30,"column":2}}}},"branchMap":{"0":{"loc":{"start":{"line":22,"column":2},"end":{"line":24,"column":3}},"type":"if","locations":[{"start":{"line":22,"column":2},"end":{"line":24,"column":3}}]}},"s":{"0":2,"1":2,"2":2,"3":2,"4":2,"5":2,"6":2,"7":9,"8":1,"9":2,"10":2,"11":1,"12":2,"13":2,"14":2,"15":2,"16":2,"17":2},"f":{"0":9,"1":1,"2":2,"3":2},"b":{"0":[1]}}
,"/Users/eugeney/Developer/nestjs-training/top-api/src/review/review.module.ts": {"path":"/Users/eugeney/Developer/nestjs-training/top-api/src/review/review.module.ts","statementMap":{"0":{"start":{"line":1,"column":0},"end":{"line":1,"column":40}},"1":{"start":{"line":2,"column":0},"end":{"line":2,"column":55}},"2":{"start":{"line":3,"column":0},"end":{"line":3,"column":58}},"3":{"start":{"line":4,"column":0},"end":{"line":4,"column":56}},"4":{"start":{"line":5,"column":0},"end":{"line":5,"column":49}},"5":{"start":{"line":21,"column":7},"end":{"line":21,"column":null}},"6":{"start":{"line":21,"column":13},"end":{"line":21,"column":25}},"7":{"start":{"line":21,"column":13},"end":{"line":21,"column":null}}},"fnMap":{},"branchMap":{},"s":{"0":2,"1":2,"2":2,"3":2,"4":2,"5":2,"6":2,"7":2},"f":{},"b":{}}
,"/Users/eugeney/Developer/nestjs-training/top-api/src/review/review.service.ts": {"path":"/Users/eugeney/Developer/nestjs-training/top-api/src/review/review.service.ts","statementMap":{"0":{"start":{"line":1,"column":0},"end":{"line":1,"column":44}},"1":{"start":{"line":2,"column":0},"end":{"line":2,"column":58}},"2":{"start":{"line":5,"column":0},"end":{"line":5,"column":33}},"3":{"start":{"line":6,"column":0},"end":{"line":6,"column":52}},"4":{"start":{"line":9,"column":7},"end":{"line":29,"column":null}},"5":{"start":{"line":10,"column":56},"end":{"line":10,"column":91}},"6":{"start":{"line":13,"column":2},"end":{"line":13,"column":null}},"7":{"start":{"line":17,"column":2},"end":{"line":17,"column":null}},"8":{"start":{"line":21,"column":16},"end":{"line":21,"column":45}},"9":{"start":{"line":22,"column":2},"end":{"line":22,"column":null}},"10":{"start":{"line":26,"column":16},"end":{"line":26,"column":45}},"11":{"start":{"line":27,"column":2},"end":{"line":27,"column":null}},"12":{"start":{"line":9,"column":13},"end":{"line":9,"column":26}},"13":{"start":{"line":9,"column":13},"end":{"line":29,"column":null}}},"fnMap":{"0":{"name":"(anonymous_4)","decl":{"start":{"line":10,"column":1},"end":{"line":10,"column":14}},"loc":{"start":{"line":10,"column":91},"end":{"line":10,"column":96}}},"1":{"name":"(anonymous_5)","decl":{"start":{"line":12,"column":1},"end":{"line":12,"column":6}},"loc":{"start":{"line":12,"column":34},"end":{"line":14,"column":2}}},"2":{"name":"(anonymous_6)","decl":{"start":{"line":16,"column":1},"end":{"line":16,"column":6}},"loc":{"start":{"line":16,"column":24},"end":{"line":18,"column":2}}},"3":{"name":"(anonymous_7)","decl":{"start":{"line":20,"column":1},"end":{"line":20,"column":6}},"loc":{"start":{"line":20,"column":40},"end":{"line":23,"column":2}}},"4":{"name":"(anonymous_8)","decl":{"start":{"line":25,"column":1},"end":{"line":25,"column":6}},"loc":{"start":{"line":25,"column":42},"end":{"line":28,"column":2}}}},"branchMap":{},"s":{"0":2,"1":2,"2":2,"3":2,"4":2,"5":9,"6":1,"7":2,"8":2,"9":2,"10":0,"11":0,"12":2,"13":2},"f":{"0":9,"1":1,"2":2,"3":2,"4":0},"b":{}}
,"/Users/eugeney/Developer/nestjs-training/top-api/src/review/dto/create-review.dto.ts": {"path":"/Users/eugeney/Developer/nestjs-training/top-api/src/review/dto/create-review.dto.ts","statementMap":{"0":{"start":{"line":1,"column":0},"end":{"line":1,"column":63}},"1":{"start":{"line":3,"column":0},"end":{"line":3,"column":13}},"2":{"start":{"line":5,"column":1},"end":{"line":5,"column":null}},"3":{"start":{"line":8,"column":1},"end":{"line":8,"column":null}},"4":{"start":{"line":11,"column":1},"end":{"line":11,"column":null}},"5":{"start":{"line":16,"column":1},"end":{"line":16,"column":null}},"6":{"start":{"line":19,"column":1},"end":{"line":19,"column":null}}},"fnMap":{},"branchMap":{},"s":{"0":2,"1":2,"2":2,"3":2,"4":2,"5":2,"6":2},"f":{},"b":{}}
,"/Users/eugeney/Developer/nestjs-training/top-api/src/review/review.model/review.model.ts": {"path":"/Users/eugeney/Developer/nestjs-training/top-api/src/review/review.model/review.model.ts","statementMap":{"0":{"start":{"line":1,"column":0},"end":{"line":1,"column":43}},"1":{"start":{"line":2,"column":0},"end":{"line":2,"column":74}},"2":{"start":{"line":3,"column":0},"end":{"line":3,"column":32}},"3":{"start":{"line":6,"column":0},"end":{"line":6,"column":13}},"4":{"start":{"line":8,"column":1},"end":{"line":8,"column":null}},"5":{"start":{"line":11,"column":1},"end":{"line":11,"column":null}},"6":{"start":{"line":14,"column":1},"end":{"line":14,"column":null}},"7":{"start":{"line":17,"column":1},"end":{"line":17,"column":null}},"8":{"start":{"line":20,"column":1},"end":{"line":20,"column":null}}},"fnMap":{},"branchMap":{},"s":{"0":2,"1":2,"2":2,"3":2,"4":2,"5":2,"6":2,"7":2,"8":2},"f":{},"b":{}}
,"/Users/eugeney/Developer/nestjs-training/top-api/src/top-page/top-page.controller.ts": {"path":"/Users/eugeney/Developer/nestjs-training/top-api/src/top-page/top-page.controller.ts","statementMap":{"0":{"start":{"line":1,"column":0},"end":{"line":1,"column":93}},"1":{"start":{"line":3,"column":0},"end":{"line":3,"column":63}},"2":{"start":{"line":4,"column":0},"end":{"line":4,"column":57}},"3":{"start":{"line":7,"column":7},"end":{"line":33,"column":null}},"4":{"start":{"line":7,"column":13},"end":{"line":7,"column":30}},"5":{"start":{"line":9,"column":7},"end":{"line":11,"column":null}},"6":{"start":{"line":14,"column":7},"end":{"line":16,"column":null}},"7":{"start":{"line":19,"column":7},"end":{"line":21,"column":null}},"8":{"start":{"line":24,"column":7},"end":{"line":26,"column":null}},"9":{"start":{"line":30,"column":7},"end":{"line":32,"column":null}},"10":{"start":{"line":7,"column":13},"end":{"line":33,"column":null}}},"fnMap":{"0":{"name":"(anonymous_4)","decl":{"start":{"line":9,"column":1},"end":{"line":9,"column":6}},"loc":{"start":{"line":9,"column":52},"end":{"line":11,"column":2}}},"1":{"name":"(anonymous_5)","decl":{"start":{"line":14,"column":1},"end":{"line":14,"column":6}},"loc":{"start":{"line":14,"column":34},"end":{"line":16,"column":2}}},"2":{"name":"(anonymous_6)","decl":{"start":{"line":19,"column":1},"end":{"line":19,"column":6}},"loc":{"start":{"line":19,"column":37},"end":{"line":21,"column":2}}},"3":{"name":"(anonymous_7)","decl":{"start":{"line":24,"column":1},"end":{"line":24,"column":6}},"loc":{"start":{"line":24,"column":55},"end":{"line":26,"column":2}}},"4":{"name":"(anonymous_8)","decl":{"start":{"line":30,"column":1},"end":{"line":30,"column":6}},"loc":{"start":{"line":30,"column":39},"end":{"line":32,"column":2}}}},"branchMap":{},"s":{"0":2,"1":2,"2":2,"3":2,"4":2,"5":2,"6":2,"7":2,"8":2,"9":2,"10":2},"f":{"0":0,"1":0,"2":0,"3":0,"4":0},"b":{}}
,"/Users/eugeney/Developer/nestjs-training/top-api/src/top-page/top-page.module.ts": {"path":"/Users/eugeney/Developer/nestjs-training/top-api/src/top-page/top-page.module.ts","statementMap":{"0":{"start":{"line":1,"column":0},"end":{"line":1,"column":40}},"1":{"start":{"line":2,"column":0},"end":{"line":2,"column":58}},"2":{"start":{"line":3,"column":0},"end":{"line":3,"column":56}},"3":{"start":{"line":4,"column":0},"end":{"line":4,"column":63}},"4":{"start":{"line":19,"column":7},"end":{"line":19,"column":null}},"5":{"start":{"line":19,"column":13},"end":{"line":19,"column":26}},"6":{"start":{"line":19,"column":13},"end":{"line":19,"column":null}}},"fnMap":{},"branchMap":{},"s":{"0":2,"1":2,"2":2,"3":2,"4":2,"5":2,"6":2},"f":{},"b":{}}
,"/Users/eugeney/Developer/nestjs-training/top-api/src/top-page/dto/find-top-page.dto.ts": {"path":"/Users/eugeney/Developer/nestjs-training/top-api/src/top-page/dto/find-top-page.dto.ts","statementMap":{"0":{"start":{"line":3,"column":0},"end":{"line":3,"column":13}}},"fnMap":{},"branchMap":{},"s":{"0":2},"f":{},"b":{}}
,"/Users/eugeney/Developer/nestjs-training/top-api/src/top-page/top-page.model/top-page.model.ts": {"path":"/Users/eugeney/Developer/nestjs-training/top-api/src/top-page/top-page.model/top-page.model.ts","statementMap":{"0":{"start":{"line":1,"column":0},"end":{"line":1,"column":43}},"1":{"start":{"line":2,"column":0},"end":{"line":2,"column":74}},"2":{"start":{"line":4,"column":0},"end":{"line":4,"column":null}},"3":{"start":{"line":5,"column":1},"end":{"line":5,"column":null}},"4":{"start":{"line":6,"column":1},"end":{"line":6,"column":null}},"5":{"start":{"line":7,"column":1},"end":{"line":7,"column":null}},"6":{"start":{"line":8,"column":1},"end":{"line":8,"column":null}},"7":{"start":{"line":11,"column":0},"end":{"line":11,"column":13}},"8":{"start":{"line":13,"column":1},"end":{"line":13,"column":null}},"9":{"start":{"line":16,"column":1},"end":{"line":16,"column":null}},"10":{"start":{"line":19,"column":1},"end":{"line":19,"column":null}},"11":{"start":{"line":22,"column":1},"end":{"line":22,"column":null}},"12":{"start":{"line":25,"column":0},"end":{"line":25,"column":13}},"13":{"start":{"line":27,"column":1},"end":{"line":27,"column":null}},"14":{"start":{"line":30,"column":1},"end":{"line":30,"column":null}},"15":{"start":{"line":34,"column":0},"end":{"line":34,"column":13}},"16":{"start":{"line":37,"column":1},"end":{"line":37,"column":null}},"17":{"start":{"line":40,"column":1},"end":{"line":40,"column":null}},"18":{"start":{"line":43,"column":1},"end":{"line":43,"column":null}},"19":{"start":{"line":46,"column":1},"end":{"line":46,"column":null}},"20":{"start":{"line":49,"column":1},"end":{"line":49,"column":null}},"21":{"start":{"line":52,"column":1},"end":{"line":52,"column":null}},"22":{"start":{"line":51,"column":21},"end":{"line":51,"column":29}},"23":{"start":{"line":55,"column":1},"end":{"line":55,"column":null}},"24":{"start":{"line":54,"column":21},"end":{"line":54,"column":39}},"25":{"start":{"line":58,"column":1},"end":{"line":58,"column":null}},"26":{"start":{"line":61,"column":1},"end":{"line":61,"column":null}},"27":{"start":{"line":64,"column":1},"end":{"line":64,"column":null}},"28":{"start":{"line":63,"column":21},"end":{"line":63,"column":29}}},"fnMap":{"0":{"name":"(anonymous_2)","decl":{"start":{"line":4,"column":0},"end":{"line":4,"column":12}},"loc":{"start":{"line":4,"column":28},"end":{"line":9,"column":1}}},"1":{"name":"(anonymous_3)","decl":{"start":{"line":51,"column":15},"end":{"line":51,"column":18}},"loc":{"start":{"line":51,"column":21},"end":{"line":51,"column":29}}},"2":{"name":"(anonymous_4)","decl":{"start":{"line":54,"column":15},"end":{"line":54,"column":18}},"loc":{"start":{"line":54,"column":21},"end":{"line":54,"column":39}}},"3":{"name":"(anonymous_5)","decl":{"start":{"line":63,"column":15},"end":{"line":63,"column":18}},"loc":{"start":{"line":63,"column":21},"end":{"line":63,"column":29}}}},"branchMap":{"0":{"loc":{"start":{"line":4,"column":12},"end":{"line":4,"column":null}},"type":"binary-expr","locations":[{"start":{"line":4,"column":12},"end":{"line":4,"column":28}},{"start":{"line":4,"column":28},"end":{"line":4,"column":null}}]}},"s":{"0":2,"1":2,"2":2,"3":2,"4":2,"5":2,"6":2,"7":2,"8":2,"9":2,"10":2,"11":2,"12":2,"13":2,"14":2,"15":2,"16":2,"17":2,"18":2,"19":2,"20":2,"21":2,"22":2,"23":2,"24":2,"25":2,"26":2,"27":2,"28":2},"f":{"0":2,"1":2,"2":2,"3":2},"b":{"0":[2,2]}}
}
