TN:
SF:src/app.controller.ts
FN:6,(anonymous_2)
FN:9,(anonymous_3)
FNF:2
FNH:1
FNDA:9,(anonymous_2)
FNDA:0,(anonymous_3)
DA:1,2
DA:2,2
DA:5,2
DA:6,9
DA:9,2
DA:10,0
LF:6
LH:5
BRF:0
BRH:0
end_of_record
TN:
SF:src/app.module.ts
FNF:0
FNH:0
DA:1,2
DA:2,2
DA:3,2
DA:4,2
DA:5,2
DA:6,2
DA:7,2
DA:8,2
DA:9,2
DA:10,2
DA:28,2
LF:11
LH:11
BRF:0
BRH:0
end_of_record
TN:
SF:src/app.service.ts
FN:5,(anonymous_1)
FNF:1
FNH:0
FNDA:0,(anonymous_1)
DA:1,2
DA:4,2
DA:6,0
LF:3
LH:2
BRF:0
BRH:0
end_of_record
TN:
SF:src/auth/auth.constants.ts
FNF:0
FNH:0
DA:1,2
DA:2,2
DA:3,2
LF:3
LH:3
BRF:0
BRH:0
end_of_record
TN:
SF:src/auth/auth.controller.ts
FN:8,(anonymous_4)
FN:12,(anonymous_5)
FN:22,(anonymous_6)
FNF:3
FNH:2
FNDA:9,(anonymous_4)
FNDA:0,(anonymous_5)
FNDA:9,(anonymous_6)
DA:1,2
DA:2,2
DA:3,2
DA:4,2
DA:7,2
DA:8,9
DA:12,2
DA:13,0
DA:14,0
DA:15,0
DA:17,0
DA:22,2
DA:23,9
DA:24,7
LF:14
LH:10
BRDA:14,0,0,0
BRF:1
BRH:0
end_of_record
TN:
SF:src/auth/auth.module.ts
FNF:0
FNH:0
DA:1,2
DA:2,2
DA:3,2
DA:4,2
DA:5,2
DA:6,2
DA:7,2
DA:8,2
DA:9,2
DA:10,2
DA:33,2
LF:11
LH:11
BRF:0
BRH:0
end_of_record
TN:
SF:src/auth/auth.service.ts
FN:12,(anonymous_4)
FN:17,(anonymous_5)
FN:26,(anonymous_6)
FN:30,(anonymous_7)
FN:42,(anonymous_8)
FNF:5
FNH:4
FNDA:9,(anonymous_4)
FNDA:0,(anonymous_5)
FNDA:9,(anonymous_6)
FNDA:9,(anonymous_7)
FNDA:7,(anonymous_8)
DA:1,2
DA:2,2
DA:3,2
DA:6,2
DA:7,2
DA:8,2
DA:11,2
DA:13,9
DA:14,9
DA:18,0
DA:19,0
DA:23,0
DA:27,9
DA:31,9
DA:32,9
DA:33,1
DA:35,8
DA:36,8
DA:37,1
DA:39,7
DA:43,7
DA:45,7
LF:22
LH:19
BRDA:32,0,0,1
BRDA:36,1,0,1
BRF:2
BRH:2
end_of_record
TN:
SF:src/auth/user.model.ts
FNF:0
FNH:0
DA:1,2
DA:2,2
DA:6,2
DA:8,2
DA:11,2
LF:5
LH:5
BRF:0
BRH:0
end_of_record
TN:
SF:src/auth/decorators/user-email.decorator.ts
FN:4,(anonymous_0)
FNF:1
FNH:1
FNDA:2,(anonymous_0)
DA:1,2
DA:3,2
DA:5,2
DA:6,2
LF:4
LH:4
BRF:0
BRH:0
end_of_record
TN:
SF:src/auth/dto/auth.dto.ts
FNF:0
FNH:0
DA:1,2
DA:3,2
DA:5,2
DA:8,2
LF:4
LH:4
BRF:0
BRH:0
end_of_record
TN:
SF:src/auth/guards/jwt.guard.ts
FNF:0
FNH:0
DA:1,2
DA:3,2
LF:2
LH:2
BRF:0
BRH:0
end_of_record
TN:
SF:src/auth/strategies/jwt.strategy.ts
FN:9,(anonymous_2)
FN:17,(anonymous_3)
FNF:2
FNH:2
FNDA:9,(anonymous_2)
FNDA:2,(anonymous_3)
DA:1,2
DA:2,2
DA:3,2
DA:4,2
DA:8,2
DA:9,9
DA:10,9
DA:18,2
LF:8
LH:8
BRF:0
BRH:0
end_of_record
TN:
SF:src/configs/jwt.config.ts
FN:4,(anonymous_0)
FNF:1
FNH:1
FNDA:9,(anonymous_0)
DA:4,2
DA:5,9
LF:2
LH:2
BRF:0
BRH:0
end_of_record
TN:
SF:src/configs/mongo.config.ts
FN:5,(anonymous_0)
FN:12,(anonymous_1)
FN:24,(anonymous_2)
FNF:3
FNH:3
FNDA:9,(anonymous_0)
FNDA:9,(anonymous_1)
FNDA:9,(anonymous_2)
DA:5,2
DA:6,9
DA:12,2
DA:13,9
DA:24,9
LF:5
LH:5
BRF:0
BRH:0
end_of_record
TN:
SF:src/product/product.controller.ts
FN:9,(anonymous_4)
FN:14,(anonymous_5)
FN:19,(anonymous_6)
FN:24,(anonymous_7)
FN:30,(anonymous_8)
FNF:5
FNH:0
FNDA:0,(anonymous_4)
FNDA:0,(anonymous_5)
FNDA:0,(anonymous_6)
FNDA:0,(anonymous_7)
FNDA:0,(anonymous_8)
DA:1,2
DA:2,2
DA:3,2
DA:6,2
DA:9,2
DA:14,2
DA:19,2
DA:24,2
DA:30,2
LF:9
LH:9
BRF:0
BRH:0
end_of_record
TN:
SF:src/product/product.module.ts
FNF:0
FNH:0
DA:1,2
DA:2,2
DA:3,2
DA:4,2
DA:19,2
LF:5
LH:5
BRF:0
BRH:0
end_of_record
TN:
SF:src/product/dto/find-product.dto.ts
FNF:0
FNH:0
DA:1,2
LF:1
LH:1
BRF:0
BRH:0
end_of_record
TN:
SF:src/product/product.model/product.model.ts
FN:41,(anonymous_2)
FN:44,(anonymous_3)
FN:47,(anonymous_4)
FNF:3
FNH:3
FNDA:2,(anonymous_2)
FNDA:2,(anonymous_3)
FNDA:2,(anonymous_4)
DA:1,2
DA:2,2
DA:6,2
DA:9,2
DA:13,2
DA:15,2
DA:18,2
DA:21,2
DA:24,2
DA:27,2
DA:30,2
DA:33,2
DA:36,2
DA:39,2
DA:41,2
DA:42,2
DA:44,2
DA:45,2
DA:47,2
DA:48,2
LF:20
LH:20
BRF:0
BRH:0
end_of_record
TN:
SF:src/review/review.constants.ts
FNF:0
FNH:0
DA:1,2
LF:1
LH:1
BRF:0
BRH:0
end_of_record
TN:
SF:src/review/review.controller.ts
FN:10,(anonymous_4)
FN:15,(anonymous_5)
FN:20,(anonymous_6)
FN:28,(anonymous_7)
FNF:4
FNH:4
FNDA:9,(anonymous_4)
FNDA:1,(anonymous_5)
FNDA:2,(anonymous_6)
FNDA:2,(anonymous_7)
DA:1,2
DA:2,2
DA:3,2
DA:4,2
DA:5,2
DA:6,2
DA:9,2
DA:10,9
DA:15,2
DA:16,1
DA:20,2
DA:21,2
DA:22,2
DA:23,1
DA:28,2
DA:29,2
LF:16
LH:16
BRDA:22,0,0,1
BRF:1
BRH:1
end_of_record
TN:
SF:src/review/review.module.ts
FNF:0
FNH:0
DA:1,2
DA:2,2
DA:3,2
DA:4,2
DA:5,2
DA:21,2
LF:6
LH:6
BRF:0
BRH:0
end_of_record
TN:
SF:src/review/review.service.ts
FN:10,(anonymous_4)
FN:12,(anonymous_5)
FN:16,(anonymous_6)
FN:20,(anonymous_7)
FN:25,(anonymous_8)
FNF:5
FNH:4
FNDA:9,(anonymous_4)
FNDA:1,(anonymous_5)
FNDA:2,(anonymous_6)
FNDA:2,(anonymous_7)
FNDA:0,(anonymous_8)
DA:1,2
DA:2,2
DA:5,2
DA:6,2
DA:9,2
DA:10,9
DA:13,1
DA:17,2
DA:21,2
DA:22,2
DA:26,0
DA:27,0
LF:12
LH:10
BRF:0
BRH:0
end_of_record
TN:
SF:src/review/dto/create-review.dto.ts
FNF:0
FNH:0
DA:1,2
DA:3,2
DA:5,2
DA:8,2
DA:11,2
DA:16,2
DA:19,2
LF:7
LH:7
BRF:0
BRH:0
end_of_record
TN:
SF:src/review/review.model/review.model.ts
FNF:0
FNH:0
DA:1,2
DA:2,2
DA:3,2
DA:6,2
DA:8,2
DA:11,2
DA:14,2
DA:17,2
DA:20,2
LF:9
LH:9
BRF:0
BRH:0
end_of_record
TN:
SF:src/top-page/top-page.controller.ts
FN:9,(anonymous_4)
FN:14,(anonymous_5)
FN:19,(anonymous_6)
FN:24,(anonymous_7)
FN:30,(anonymous_8)
FNF:5
FNH:0
FNDA:0,(anonymous_4)
FNDA:0,(anonymous_5)
FNDA:0,(anonymous_6)
FNDA:0,(anonymous_7)
FNDA:0,(anonymous_8)
DA:1,2
DA:3,2
DA:4,2
DA:7,2
DA:9,2
DA:14,2
DA:19,2
DA:24,2
DA:30,2
LF:9
LH:9
BRF:0
BRH:0
end_of_record
TN:
SF:src/top-page/top-page.module.ts
FNF:0
FNH:0
DA:1,2
DA:2,2
DA:3,2
DA:4,2
DA:19,2
LF:5
LH:5
BRF:0
BRH:0
end_of_record
TN:
SF:src/top-page/dto/find-top-page.dto.ts
FNF:0
FNH:0
DA:3,2
LF:1
LH:1
BRF:0
BRH:0
end_of_record
TN:
SF:src/top-page/top-page.model/top-page.model.ts
FN:4,(anonymous_2)
FN:51,(anonymous_3)
FN:54,(anonymous_4)
FN:63,(anonymous_5)
FNF:4
FNH:4
FNDA:2,(anonymous_2)
FNDA:2,(anonymous_3)
FNDA:2,(anonymous_4)
FNDA:2,(anonymous_5)
DA:1,2
DA:2,2
DA:4,2
DA:5,2
DA:6,2
DA:7,2
DA:8,2
DA:11,2
DA:13,2
DA:16,2
DA:19,2
DA:22,2
DA:25,2
DA:27,2
DA:30,2
DA:34,2
DA:37,2
DA:40,2
DA:43,2
DA:46,2
DA:49,2
DA:51,2
DA:52,2
DA:54,2
DA:55,2
DA:58,2
DA:61,2
DA:63,2
DA:64,2
LF:29
LH:29
BRDA:4,0,0,2
BRDA:4,0,1,2
BRF:2
BRH:2
end_of_record
