TN:
SF:src/app.controller.ts
FN:6,(anonymous_2)
FN:9,(anonymous_3)
FNF:2
FNH:2
FNDA:1,(anonymous_2)
FNDA:1,(anonymous_3)
DA:1,1
DA:2,1
DA:5,1
DA:6,1
DA:9,1
DA:10,1
LF:6
LH:6
BRF:0
BRH:0
end_of_record
TN:
SF:src/app.module.ts
FNF:0
FNH:0
DA:1,0
DA:2,0
DA:3,0
DA:4,0
DA:5,0
DA:6,0
DA:7,0
DA:8,0
DA:9,0
DA:10,0
DA:28,0
LF:11
LH:0
BRF:0
BRH:0
end_of_record
TN:
SF:src/app.service.ts
FN:5,(anonymous_1)
FNF:1
FNH:1
FNDA:1,(anonymous_1)
DA:1,1
DA:4,1
DA:6,1
LF:3
LH:3
BRF:0
BRH:0
end_of_record
TN:
SF:src/main.ts
FN:4,bootstrap
FNF:1
FNH:0
FNDA:0,bootstrap
DA:1,0
DA:2,0
DA:5,0
DA:6,0
DA:7,0
DA:9,0
LF:6
LH:0
BRF:0
BRH:0
end_of_record
TN:
SF:src/auth/auth.constants.ts
FNF:0
FNH:0
DA:1,0
DA:2,0
DA:3,0
LF:3
LH:0
BRF:0
BRH:0
end_of_record
TN:
SF:src/auth/auth.controller.ts
FN:8,(anonymous_4)
FN:12,(anonymous_5)
FN:22,(anonymous_6)
FNF:3
FNH:0
FNDA:0,(anonymous_4)
FNDA:0,(anonymous_5)
FNDA:0,(anonymous_6)
DA:1,0
DA:2,0
DA:3,0
DA:4,0
DA:7,0
DA:8,0
DA:12,0
DA:13,0
DA:14,0
DA:15,0
DA:17,0
DA:22,0
DA:23,0
DA:24,0
LF:14
LH:0
BRDA:14,0,0,0
BRF:1
BRH:0
end_of_record
TN:
SF:src/auth/auth.module.ts
FNF:0
FNH:0
DA:1,0
DA:2,0
DA:3,0
DA:4,0
DA:5,0
DA:6,0
DA:7,0
DA:8,0
DA:9,0
DA:10,0
DA:33,0
LF:11
LH:0
BRF:0
BRH:0
end_of_record
TN:
SF:src/auth/auth.service.ts
FN:12,(anonymous_4)
FN:17,(anonymous_5)
FN:26,(anonymous_6)
FN:30,(anonymous_7)
FN:42,(anonymous_8)
FNF:5
FNH:0
FNDA:0,(anonymous_4)
FNDA:0,(anonymous_5)
FNDA:0,(anonymous_6)
FNDA:0,(anonymous_7)
FNDA:0,(anonymous_8)
DA:1,0
DA:2,0
DA:3,0
DA:6,0
DA:7,0
DA:8,0
DA:11,0
DA:13,0
DA:14,0
DA:18,0
DA:19,0
DA:23,0
DA:27,0
DA:31,0
DA:32,0
DA:33,0
DA:35,0
DA:36,0
DA:37,0
DA:39,0
DA:43,0
DA:45,0
LF:22
LH:0
BRDA:32,0,0,0
BRDA:36,1,0,0
BRF:2
BRH:0
end_of_record
TN:
SF:src/auth/user.model.ts
FNF:0
FNH:0
DA:1,0
DA:2,0
DA:6,0
DA:8,0
DA:11,0
LF:5
LH:0
BRF:0
BRH:0
end_of_record
TN:
SF:src/auth/decorators/user-email.decorator.ts
FN:4,(anonymous_0)
FNF:1
FNH:0
FNDA:0,(anonymous_0)
DA:1,0
DA:3,0
DA:5,0
DA:6,0
LF:4
LH:0
BRF:0
BRH:0
end_of_record
TN:
SF:src/auth/dto/auth.dto.ts
FNF:0
FNH:0
DA:1,0
DA:3,0
DA:5,0
DA:8,0
LF:4
LH:0
BRF:0
BRH:0
end_of_record
TN:
SF:src/auth/guards/jwt.guard.ts
FNF:0
FNH:0
DA:1,0
DA:3,0
LF:2
LH:0
BRF:0
BRH:0
end_of_record
TN:
SF:src/auth/strategies/jwt.strategy.ts
FN:9,(anonymous_2)
FN:17,(anonymous_3)
FNF:2
FNH:0
FNDA:0,(anonymous_2)
FNDA:0,(anonymous_3)
DA:1,0
DA:2,0
DA:3,0
DA:4,0
DA:8,0
DA:9,0
DA:10,0
DA:18,0
LF:8
LH:0
BRF:0
BRH:0
end_of_record
TN:
SF:src/configs/jwt.config.ts
FN:4,(anonymous_0)
FNF:1
FNH:0
FNDA:0,(anonymous_0)
DA:4,0
DA:5,0
LF:2
LH:0
BRF:0
BRH:0
end_of_record
TN:
SF:src/configs/mongo.config.ts
FN:5,(anonymous_0)
FN:12,(anonymous_1)
FN:24,(anonymous_2)
FNF:3
FNH:0
FNDA:0,(anonymous_0)
FNDA:0,(anonymous_1)
FNDA:0,(anonymous_2)
DA:5,0
DA:6,0
DA:12,0
DA:13,0
DA:24,0
LF:5
LH:0
BRF:0
BRH:0
end_of_record
TN:
SF:src/product/product.controller.ts
FN:9,(anonymous_4)
FN:14,(anonymous_5)
FN:19,(anonymous_6)
FN:24,(anonymous_7)
FN:30,(anonymous_8)
FNF:5
FNH:0
FNDA:0,(anonymous_4)
FNDA:0,(anonymous_5)
FNDA:0,(anonymous_6)
FNDA:0,(anonymous_7)
FNDA:0,(anonymous_8)
DA:1,0
DA:2,0
DA:3,0
DA:6,0
DA:9,0
DA:14,0
DA:19,0
DA:24,0
DA:30,0
LF:9
LH:0
BRF:0
BRH:0
end_of_record
TN:
SF:src/product/product.module.ts
FNF:0
FNH:0
DA:1,0
DA:2,0
DA:3,0
DA:4,0
DA:19,0
LF:5
LH:0
BRF:0
BRH:0
end_of_record
TN:
SF:src/product/dto/find-product.dto.ts
FNF:0
FNH:0
DA:1,0
LF:1
LH:0
BRF:0
BRH:0
end_of_record
TN:
SF:src/product/product.model/product.model.ts
FN:41,(anonymous_2)
FN:44,(anonymous_3)
FN:47,(anonymous_4)
FNF:3
FNH:0
FNDA:0,(anonymous_2)
FNDA:0,(anonymous_3)
FNDA:0,(anonymous_4)
DA:1,0
DA:2,0
DA:6,0
DA:9,0
DA:13,0
DA:15,0
DA:18,0
DA:21,0
DA:24,0
DA:27,0
DA:30,0
DA:33,0
DA:36,0
DA:39,0
DA:41,0
DA:42,0
DA:44,0
DA:45,0
DA:47,0
DA:48,0
LF:20
LH:0
BRF:0
BRH:0
end_of_record
TN:
SF:src/review/review.constants.ts
FNF:0
FNH:0
DA:1,0
LF:1
LH:0
BRF:0
BRH:0
end_of_record
TN:
SF:src/review/review.controller.ts
FN:10,(anonymous_4)
FN:15,(anonymous_5)
FN:20,(anonymous_6)
FN:28,(anonymous_7)
FNF:4
FNH:0
FNDA:0,(anonymous_4)
FNDA:0,(anonymous_5)
FNDA:0,(anonymous_6)
FNDA:0,(anonymous_7)
DA:1,0
DA:2,0
DA:3,0
DA:4,0
DA:5,0
DA:6,0
DA:9,0
DA:10,0
DA:15,0
DA:16,0
DA:20,0
DA:21,0
DA:22,0
DA:23,0
DA:28,0
DA:29,0
LF:16
LH:0
BRDA:22,0,0,0
BRF:1
BRH:0
end_of_record
TN:
SF:src/review/review.module.ts
FNF:0
FNH:0
DA:1,0
DA:2,0
DA:3,0
DA:4,0
DA:5,0
DA:21,0
LF:6
LH:0
BRF:0
BRH:0
end_of_record
TN:
SF:src/review/review.service.ts
FN:10,(anonymous_4)
FN:12,(anonymous_5)
FN:16,(anonymous_6)
FN:20,(anonymous_7)
FN:25,(anonymous_8)
FNF:5
FNH:2
FNDA:2,(anonymous_4)
FNDA:0,(anonymous_5)
FNDA:0,(anonymous_6)
FNDA:1,(anonymous_7)
FNDA:0,(anonymous_8)
DA:1,1
DA:2,1
DA:5,1
DA:6,1
DA:9,1
DA:10,2
DA:13,0
DA:17,0
DA:21,1
DA:22,1
DA:26,0
DA:27,0
LF:12
LH:8
BRF:0
BRH:0
end_of_record
TN:
SF:src/review/dto/create-review.dto.ts
FNF:0
FNH:0
DA:1,0
DA:3,0
DA:5,0
DA:8,0
DA:11,0
DA:16,0
DA:19,0
LF:7
LH:0
BRF:0
BRH:0
end_of_record
TN:
SF:src/review/review.model/review.model.ts
FNF:0
FNH:0
DA:1,1
DA:2,1
DA:3,1
DA:6,1
DA:8,1
DA:11,1
DA:14,1
DA:17,1
DA:20,1
LF:9
LH:9
BRF:0
BRH:0
end_of_record
TN:
SF:src/top-page/top-page.controller.ts
FN:9,(anonymous_4)
FN:14,(anonymous_5)
FN:19,(anonymous_6)
FN:24,(anonymous_7)
FN:30,(anonymous_8)
FNF:5
FNH:0
FNDA:0,(anonymous_4)
FNDA:0,(anonymous_5)
FNDA:0,(anonymous_6)
FNDA:0,(anonymous_7)
FNDA:0,(anonymous_8)
DA:1,0
DA:3,0
DA:4,0
DA:7,0
DA:9,0
DA:14,0
DA:19,0
DA:24,0
DA:30,0
LF:9
LH:0
BRF:0
BRH:0
end_of_record
TN:
SF:src/top-page/top-page.module.ts
FNF:0
FNH:0
DA:1,0
DA:2,0
DA:3,0
DA:4,0
DA:19,0
LF:5
LH:0
BRF:0
BRH:0
end_of_record
TN:
SF:src/top-page/dto/find-top-page.dto.ts
FNF:0
FNH:0
DA:3,0
LF:1
LH:0
BRF:0
BRH:0
end_of_record
TN:
SF:src/top-page/top-page.model/top-page.model.ts
FN:4,(anonymous_2)
FN:51,(anonymous_3)
FN:54,(anonymous_4)
FN:63,(anonymous_5)
FNF:4
FNH:0
FNDA:0,(anonymous_2)
FNDA:0,(anonymous_3)
FNDA:0,(anonymous_4)
FNDA:0,(anonymous_5)
DA:1,0
DA:2,0
DA:4,0
DA:5,0
DA:6,0
DA:7,0
DA:8,0
DA:11,0
DA:13,0
DA:16,0
DA:19,0
DA:22,0
DA:25,0
DA:27,0
DA:30,0
DA:34,0
DA:37,0
DA:40,0
DA:43,0
DA:46,0
DA:49,0
DA:51,0
DA:52,0
DA:54,0
DA:55,0
DA:58,0
DA:61,0
DA:63,0
DA:64,0
LF:29
LH:0
BRDA:4,0,0,0
BRDA:4,0,1,0
BRF:2
BRH:0
end_of_record
